Release 14.7 Map P.20131013 (nt64)
Xilinx Mapping Report File for Design 'MultiArbiter'

Design Information
------------------
Command Line   : map -intstyle ise -p xc6slx9-csg324-2 -w -logic_opt off -ol
high -t 1 -xt 0 -register_duplication off -r 4 -global_opt off -mt off -ir off
-pr off -lc off -power off -o MultiArbiter_map.ncd MultiArbiter.ngd
MultiArbiter.pcf 
Target Device  : xc6slx9
Target Package : csg324
Target Speed   : -2
Mapper Version : spartan6 -- $Revision: 1.55 $
Mapped Date    : Fri Apr 15 10:30:58 2016

Design Summary
--------------
Number of errors:      0
Number of warnings:    6
Slice Logic Utilization:
  Number of Slice Registers:                     1 out of  11,440    1%
    Number used as Flip Flops:                   1
    Number used as Latches:                      0
    Number used as Latch-thrus:                  0
    Number used as AND/OR logics:                0
  Number of Slice LUTs:                        508 out of   5,720    8%
    Number used as logic:                      508 out of   5,720    8%
      Number using O6 output only:             508
      Number using O5 output only:               0
      Number using O5 and O6:                    0
      Number used as ROM:                        0
    Number used as Memory:                       0 out of   1,440    0%

Slice Logic Distribution:
  Number of occupied Slices:                   509 out of   1,430   35%
  Number of MUXCYs used:                         0 out of   2,860    0%
  Number of LUT Flip Flop pairs used:          509
    Number with an unused Flip Flop:           508 out of     509   99%
    Number with an unused LUT:                   1 out of     509    1%
    Number of fully used LUT-FF pairs:           0 out of     509    0%
    Number of unique control sets:               1
    Number of slice register sites lost
      to control set restrictions:               7 out of  11,440    1%

  A LUT Flip Flop pair for this architecture represents one LUT paired with
  one Flip Flop within a slice.  A control set is a unique combination of
  clock, reset, set, and enable signals for a registered element.
  The Slice Logic Distribution report is not meaningful if the design is
  over-mapped for a non-slice resource or if Placement fails.

IO Utilization:
  Number of bonded IOBs:                        65 out of     200   32%

Specific Feature Utilization:
  Number of RAMB16BWERs:                         0 out of      32    0%
  Number of RAMB8BWERs:                          0 out of      64    0%
  Number of BUFIO2/BUFIO2_2CLKs:                 0 out of      32    0%
  Number of BUFIO2FB/BUFIO2FB_2CLKs:             0 out of      32    0%
  Number of BUFG/BUFGMUXs:                       0 out of      16    0%
  Number of DCM/DCM_CLKGENs:                     0 out of       4    0%
  Number of ILOGIC2/ISERDES2s:                   0 out of     200    0%
  Number of IODELAY2/IODRP2/IODRP2_MCBs:         0 out of     200    0%
  Number of OLOGIC2/OSERDES2s:                   0 out of     200    0%
  Number of BSCANs:                              0 out of       4    0%
  Number of BUFHs:                               0 out of     128    0%
  Number of BUFPLLs:                             0 out of       8    0%
  Number of BUFPLL_MCBs:                         0 out of       4    0%
  Number of DSP48A1s:                            0 out of      16    0%
  Number of ICAPs:                               0 out of       1    0%
  Number of MCBs:                                0 out of       2    0%
  Number of PCILOGICSEs:                         0 out of       2    0%
  Number of PLL_ADVs:                            0 out of       2    0%
  Number of PMVs:                                0 out of       1    0%
  Number of STARTUPs:                            0 out of       1    0%
  Number of SUSPEND_SYNCs:                       0 out of       1    0%

Average Fanout of Non-Clock Nets:                1.56

Peak Memory Usage:  396 MB
Total REAL time to MAP completion:  22 secs 
Total CPU time to MAP completion:   22 secs 

Table of Contents
-----------------
Section 1 - Errors
Section 2 - Warnings
Section 3 - Informational
Section 4 - Removed Logic Summary
Section 5 - Removed Logic
Section 6 - IOB Properties
Section 7 - RPMs
Section 8 - Guide Report
Section 9 - Area Group and Partition Summary
Section 10 - Timing Report
Section 11 - Configuration String Information
Section 12 - Control Set Information
Section 13 - Utilization by Hierarchy

Section 1 - Errors
------------------

Section 2 - Warnings
--------------------
WARNING:MapLib:328 - Block G16/G7/G6/G3 is not a recognized logical block. The
   mapper will continue to process the design but there may be design problems
   if this block does not get trimmed.
WARNING:MapLib:328 - Block G16/G7/G6/G2 is not a recognized logical block. The
   mapper will continue to process the design but there may be design problems
   if this block does not get trimmed.
WARNING:MapLib:328 - Block G16/G7/G5/G3 is not a recognized logical block. The
   mapper will continue to process the design but there may be design problems
   if this block does not get trimmed.
WARNING:MapLib:328 - Block G16/G7/G5/G2 is not a recognized logical block. The
   mapper will continue to process the design but there may be design problems
   if this block does not get trimmed.
WARNING:MapLib:1073 - This design has 713 KEEP_HIERARCHY constraints specified
   and therefore, may take a very long time to process. If your design has
   unexpectedly long run times, please consider minimizing the number of
   KEEP_HIERARCHY constraints in your design or use the -ignore_keep_hierarchy
   command line switch to have them ignored by MAP.
WARNING:PhysDesignRules:372 - Gated clock. Clock net outDo8 is sourced by a
   combinatorial pin. This is not good design practice. Use the CE pin to
   control the loading of data into the flip-flop.

Section 3 - Informational
-------------------------
INFO:LIT:243 - Logical network G16/A has no load.
INFO:LIT:395 - The above info message is repeated 1 more times for the following
   (max. 5 shown):
   G16/B
   To see the details of these info messages, please use the -detail switch.
INFO:MapLib:562 - No environment variables are currently set.
INFO:LIT:244 - All of the single ended outputs in this design are using slew
   rate limited output drivers. The delay on speed critical single ended outputs
   can be dramatically reduced by designating them as fast outputs.
INFO:Pack:1716 - Initializing temperature to 85.000 Celsius. (default - Range:
   0.000 to 85.000 Celsius)
INFO:Pack:1720 - Initializing voltage to 1.140 Volts. (default - Range: 1.140 to
   1.260 Volts)
INFO:Map:215 - The Interim Design Summary has been generated in the MAP Report
   (.mrp).
INFO:Pack:1650 - Map created a placed design.

Section 4 - Removed Logic Summary
---------------------------------

Section 5 - Removed Logic
-------------------------

Section 6 - IOB Properties
--------------------------

+---------------------------------------------------------------------------------------------------------------------------------------------------------+
| IOB Name                           | Type             | Direction | IO Standard          | Diff  | Drive    | Slew | Reg (s)      | Resistor | IOB      |
|                                    |                  |           |                      | Term  | Strength | Rate |              |          | Delay    |
+---------------------------------------------------------------------------------------------------------------------------------------------------------+
| bitArray<0>                        | IOB              | INPUT     | LVCMOS25             |       |          |      |              |          |          |
| bitArray<1>                        | IOB              | INPUT     | LVCMOS25             |       |          |      |              |          |          |
| bitArray<2>                        | IOB              | INPUT     | LVCMOS25             |       |          |      |              |          |          |
| bitArray<3>                        | IOB              | INPUT     | LVCMOS25             |       |          |      |              |          |          |
| bitArray<4>                        | IOB              | INPUT     | LVCMOS25             |       |          |      |              |          |          |
| bitArray<5>                        | IOB              | INPUT     | LVCMOS25             |       |          |      |              |          |          |
| bitArray<6>                        | IOB              | INPUT     | LVCMOS25             |       |          |      |              |          |          |
| bitArray<7>                        | IOB              | INPUT     | LVCMOS25             |       |          |      |              |          |          |
| bitArray<8>                        | IOB              | INPUT     | LVCMOS25             |       |          |      |              |          |          |
| bitArray<9>                        | IOB              | INPUT     | LVCMOS25             |       |          |      |              |          |          |
| bitArray<10>                       | IOB              | INPUT     | LVCMOS25             |       |          |      |              |          |          |
| bitArray<11>                       | IOB              | INPUT     | LVCMOS25             |       |          |      |              |          |          |
| bitArray<12>                       | IOB              | INPUT     | LVCMOS25             |       |          |      |              |          |          |
| bitArray<13>                       | IOB              | INPUT     | LVCMOS25             |       |          |      |              |          |          |
| bitArray<14>                       | IOB              | INPUT     | LVCMOS25             |       |          |      |              |          |          |
| bitArray<15>                       | IOB              | INPUT     | LVCMOS25             |       |          |      |              |          |          |
| bitArray<16>                       | IOB              | INPUT     | LVCMOS25             |       |          |      |              |          |          |
| bitArray<17>                       | IOB              | INPUT     | LVCMOS25             |       |          |      |              |          |          |
| bitArray<18>                       | IOB              | INPUT     | LVCMOS25             |       |          |      |              |          |          |
| bitArray<19>                       | IOB              | INPUT     | LVCMOS25             |       |          |      |              |          |          |
| bitArray<20>                       | IOB              | INPUT     | LVCMOS25             |       |          |      |              |          |          |
| bitArray<21>                       | IOB              | INPUT     | LVCMOS25             |       |          |      |              |          |          |
| bitArray<22>                       | IOB              | INPUT     | LVCMOS25             |       |          |      |              |          |          |
| bitArray<23>                       | IOB              | INPUT     | LVCMOS25             |       |          |      |              |          |          |
| bitArray<24>                       | IOB              | INPUT     | LVCMOS25             |       |          |      |              |          |          |
| bitArray<25>                       | IOB              | INPUT     | LVCMOS25             |       |          |      |              |          |          |
| bitArray<26>                       | IOB              | INPUT     | LVCMOS25             |       |          |      |              |          |          |
| bitArray<27>                       | IOB              | INPUT     | LVCMOS25             |       |          |      |              |          |          |
| bitArray<28>                       | IOB              | INPUT     | LVCMOS25             |       |          |      |              |          |          |
| bitArray<29>                       | IOB              | INPUT     | LVCMOS25             |       |          |      |              |          |          |
| bitArray<30>                       | IOB              | INPUT     | LVCMOS25             |       |          |      |              |          |          |
| bitArray<31>                       | IOB              | INPUT     | LVCMOS25             |       |          |      |              |          |          |
| bitArray<32>                       | IOB              | INPUT     | LVCMOS25             |       |          |      |              |          |          |
| bitArray<33>                       | IOB              | INPUT     | LVCMOS25             |       |          |      |              |          |          |
| bitArray<34>                       | IOB              | INPUT     | LVCMOS25             |       |          |      |              |          |          |
| bitArray<35>                       | IOB              | INPUT     | LVCMOS25             |       |          |      |              |          |          |
| bitArray<36>                       | IOB              | INPUT     | LVCMOS25             |       |          |      |              |          |          |
| bitArray<37>                       | IOB              | INPUT     | LVCMOS25             |       |          |      |              |          |          |
| bitArray<38>                       | IOB              | INPUT     | LVCMOS25             |       |          |      |              |          |          |
| bitArray<39>                       | IOB              | INPUT     | LVCMOS25             |       |          |      |              |          |          |
| bitArray<40>                       | IOB              | INPUT     | LVCMOS25             |       |          |      |              |          |          |
| bitArray<41>                       | IOB              | INPUT     | LVCMOS25             |       |          |      |              |          |          |
| bitArray<42>                       | IOB              | INPUT     | LVCMOS25             |       |          |      |              |          |          |
| bitArray<43>                       | IOB              | INPUT     | LVCMOS25             |       |          |      |              |          |          |
| bitArray<44>                       | IOB              | INPUT     | LVCMOS25             |       |          |      |              |          |          |
| bitArray<45>                       | IOB              | INPUT     | LVCMOS25             |       |          |      |              |          |          |
| bitArray<46>                       | IOB              | INPUT     | LVCMOS25             |       |          |      |              |          |          |
| bitArray<47>                       | IOB              | INPUT     | LVCMOS25             |       |          |      |              |          |          |
| bitArray<48>                       | IOB              | INPUT     | LVCMOS25             |       |          |      |              |          |          |
| bitArray<49>                       | IOB              | INPUT     | LVCMOS25             |       |          |      |              |          |          |
| bitArray<50>                       | IOB              | INPUT     | LVCMOS25             |       |          |      |              |          |          |
| bitArray<51>                       | IOB              | INPUT     | LVCMOS25             |       |          |      |              |          |          |
| bitArray<52>                       | IOB              | INPUT     | LVCMOS25             |       |          |      |              |          |          |
| bitArray<53>                       | IOB              | INPUT     | LVCMOS25             |       |          |      |              |          |          |
| bitArray<54>                       | IOB              | INPUT     | LVCMOS25             |       |          |      |              |          |          |
| bitArray<55>                       | IOB              | INPUT     | LVCMOS25             |       |          |      |              |          |          |
| bitArray<56>                       | IOB              | INPUT     | LVCMOS25             |       |          |      |              |          |          |
| bitArray<57>                       | IOB              | INPUT     | LVCMOS25             |       |          |      |              |          |          |
| bitArray<58>                       | IOB              | INPUT     | LVCMOS25             |       |          |      |              |          |          |
| bitArray<59>                       | IOB              | INPUT     | LVCMOS25             |       |          |      |              |          |          |
| bitArray<60>                       | IOB              | INPUT     | LVCMOS25             |       |          |      |              |          |          |
| bitArray<61>                       | IOB              | INPUT     | LVCMOS25             |       |          |      |              |          |          |
| bitArray<62>                       | IOB              | INPUT     | LVCMOS25             |       |          |      |              |          |          |
| bitArray<63>                       | IOB              | INPUT     | LVCMOS25             |       |          |      |              |          |          |
| retSig                             | IOB              | OUTPUT    | LVCMOS25             |       | 12       | SLOW |              |          |          |
+---------------------------------------------------------------------------------------------------------------------------------------------------------+

Section 7 - RPMs
----------------

Section 8 - Guide Report
------------------------
Guide not run on this design.

Section 9 - Area Group and Partition Summary
--------------------------------------------

Partition Implementation Status
-------------------------------

  No Partitions were found in this design.

-------------------------------

Area Group Information
----------------------

  No area groups were found in this design.

----------------------

Section 10 - Timing Report
--------------------------
A logic-level (pre-route) timing report can be generated by using Xilinx static
timing analysis tools, Timing Analyzer (GUI) or TRCE (command line), with the
mapped NCD and PCF files. Please note that this timing report will be generated
using estimated delay information. For accurate numbers, please generate a
timing report with the post Place and Route NCD file.

For more information about the Timing Analyzer, consult the Xilinx Timing
Analyzer Reference Manual; for more information about TRCE, consult the Xilinx
Command Line Tools User Guide "TRACE" chapter.

Section 11 - Configuration String Details
-----------------------------------------
Use the "-detail" map option to print out Configuration Strings

Section 12 - Control Set Information
------------------------------------
Use the "-detail" map option to print out Control Set Information.

Section 13 - Utilization by Hierarchy
-------------------------------------
Use the "-detail" map option to print out the Utilization by Hierarchy section.
